{
  "stats": {
    "suites": 1,
    "tests": 2,
    "passes": 2,
    "pending": 0,
    "failures": 0,
    "start": "2026-05-21T23:57:15.829Z",
    "end": "2026-05-21T23:57:23.803Z",
    "duration": 7974,
    "testsRegistered": 2,
    "passPercent": 100,
    "pendingPercent": 0,
    "other": 0,
    "hasOther": false,
    "skipped": 0,
    "hasSkipped": false
  },
  "results": [
    {
      "uuid": "9bf57527-d20a-4d0f-89ad-5c3d5554dbcf",
      "title": "",
      "fullFile": "cypress\\e2e\\carrinho.cy.ts",
      "file": "cypress\\e2e\\carrinho.cy.ts",
      "beforeHooks": [],
      "afterHooks": [],
      "tests": [],
      "suites": [
        {
          "uuid": "41791e54-5dbb-4e0a-81bb-5e9ae58f72d2",
          "title": "Carrinho",
          "fullFile": "",
          "file": "",
          "beforeHooks": [],
          "afterHooks": [],
          "tests": [
            {
              "title": "Adicionar produto ao carrinho com sucesso",
              "fullTitle": "Carrinho Adicionar produto ao carrinho com sucesso",
              "timedOut": null,
              "duration": 5385,
              "state": "passed",
              "speed": "medium",
              "pass": true,
              "fail": false,
              "pending": false,
              "context": "{\n  \"title\": \"cypress-mochawesome-reporter-screenshots\",\n  \"value\": [\n    [\n      \"\\\\carrinho.cy.ts\\\\produto adicionado.png\"\n    ]\n  ]\n}",
              "code": "// Arrang\n// cy.visit('https://www.saucedemo.com/')\n// cy.get('[data-test=\"username\"]').type('standard_user')\n// cy.get('[data-test=password]').type('secret_sauce')\n// cy.get('[data-test=\"login-button\"]').click()\n// Act\n// cy.get('[data-test=\"add-to-cart-sauce-labs-backpack\"]').click()\n// cy.screenshot('produto adicionado')\n// // Assert\n// cy.get('.shopping_cart_badge')\n//     .should('be.visible')\n//     .and('have.text', '1')\n// cy.get('#shopping_cart_container').click()\n// cy.contains('Sauce Labs Backpack').should('be.visible')\nindex_js_3.default.adicionarProduto('Sauce Labs Backpack');\nconst qtdItensAdicionados = 1;\nindex_js_2.default.validarQueCarrinhoPossuiItens(qtdItensAdicionados);\nindex_js_1.default.validarProdutoPresenteNoCarrinho('Sauce Labs Backpack');",
              "err": {},
              "uuid": "95b6d1a7-70ae-46fa-b5dd-1c9535a27bbc",
              "parentUUID": "41791e54-5dbb-4e0a-81bb-5e9ae58f72d2",
              "isHook": false,
              "skipped": false
            },
            {
              "title": "Remover produto do carrinho com sucesso",
              "fullTitle": "Carrinho Remover produto do carrinho com sucesso",
              "timedOut": null,
              "duration": 2332,
              "state": "passed",
              "speed": "fast",
              "pass": true,
              "fail": false,
              "pending": false,
              "context": "{\n  \"title\": \"cypress-mochawesome-reporter-screenshots\",\n  \"value\": [\n    [\n      \"\\\\carrinho.cy.ts\\\\produto removido.png\"\n    ]\n  ]\n}",
              "code": "// Arrang\n// cy.visit('https://www.saucedemo.com/')\n// cy.get('[data-test=\"username\"]').type('problem_user')\n// cy.get('[data-test=\"password\"]').type('secret_sauce')\n// cy.get('[data-test=\"login-button\"]').click()\n// cy.get('[data-test=\"add-to-cart-sauce-labs-backpack\"]').click()\nindex_js_3.default.adicionarProduto('Sauce Labs Backpack');\n// cy.get('.shopping_cart_badge')\n//     .should('be.visible')\n// Act\n// cy.get('[data-test=\"remove-sauce-labs-backpack\"]').click()\nindex_js_3.default.removerProduto('Sauce Labs Backpack');\n// Assert\n// cy.get('.shopping_cart_badge').should('not.exist')\nindex_js_2.default.validarQueCarrinhoNaoPossuiItens();\n// cy.screenshot('produto removido')",
              "err": {},
              "uuid": "6c8d8ca1-bd47-40f6-8742-241d966f1ca4",
              "parentUUID": "41791e54-5dbb-4e0a-81bb-5e9ae58f72d2",
              "isHook": false,
              "skipped": false
            }
          ],
          "suites": [],
          "passes": [
            "95b6d1a7-70ae-46fa-b5dd-1c9535a27bbc",
            "6c8d8ca1-bd47-40f6-8742-241d966f1ca4"
          ],
          "failures": [],
          "pending": [],
          "skipped": [],
          "duration": 7717,
          "root": false,
          "rootEmpty": false,
          "_timeout": 2000
        }
      ],
      "passes": [],
      "failures": [],
      "pending": [],
      "skipped": [],
      "duration": 0,
      "root": true,
      "rootEmpty": true,
      "_timeout": 2000
    }
  ],
  "meta": {
    "mocha": {
      "version": "7.2.0"
    },
    "mochawesome": {
      "options": {
        "quiet": false,
        "reportFilename": "mochawesome",
        "saveHtml": false,
        "saveJson": true,
        "consoleReporter": "spec",
        "useInlineDiffs": false,
        "code": true
      },
      "version": "7.1.4"
    },
    "marge": {
      "options": {
        "id": "default",
        "charts": true,
        "reportPageTitle": "Relatório de Testes",
        "embeddedScreenshots": true,
        "inlineAssets": true,
        "saveAllAttempts": false,
        "overwrite": false,
        "html": false,
        "json": true,
        "reportDir": "cypress\\reports\\html\\.jsons"
      },
      "version": "6.3.2"
    }
  }
}