{
  "stats": {
    "suites": 1,
    "tests": 3,
    "passes": 3,
    "pending": 0,
    "failures": 0,
    "start": "2026-05-21T23:57:26.345Z",
    "end": "2026-05-21T23:57:26.571Z",
    "duration": 226,
    "testsRegistered": 3,
    "passPercent": 100,
    "pendingPercent": 0,
    "other": 0,
    "hasOther": false,
    "skipped": 0,
    "hasSkipped": false
  },
  "results": [
    {
      "uuid": "a5c2c4a0-4f63-4a43-be56-b6cbf810cc36",
      "title": "",
      "fullFile": "cypress\\e2e\\hooks.cy.ts",
      "file": "cypress\\e2e\\hooks.cy.ts",
      "beforeHooks": [],
      "afterHooks": [],
      "tests": [],
      "suites": [
        {
          "uuid": "2015d369-5ef4-408e-bd40-69e19a19c3d5",
          "title": "Hooks",
          "fullFile": "",
          "file": "",
          "beforeHooks": [],
          "afterHooks": [],
          "tests": [
            {
              "title": "Test 1",
              "fullTitle": "Hooks Test 1",
              "timedOut": null,
              "duration": 65,
              "state": "passed",
              "speed": "fast",
              "pass": true,
              "fail": false,
              "pending": false,
              "context": null,
              "code": "cy.log('**Execução do Teste 1**');",
              "err": {},
              "uuid": "83292130-2e24-4afc-b396-e5cab1d761cb",
              "parentUUID": "2015d369-5ef4-408e-bd40-69e19a19c3d5",
              "isHook": false,
              "skipped": false
            },
            {
              "title": "Test2",
              "fullTitle": "Hooks Test2",
              "timedOut": null,
              "duration": 25,
              "state": "passed",
              "speed": "fast",
              "pass": true,
              "fail": false,
              "pending": false,
              "context": null,
              "code": "cy.log('**Execução do Teste 2**');",
              "err": {},
              "uuid": "42585cf9-34fe-4a04-8d1c-c233ebd5765c",
              "parentUUID": "2015d369-5ef4-408e-bd40-69e19a19c3d5",
              "isHook": false,
              "skipped": false
            },
            {
              "title": "Test 3",
              "fullTitle": "Hooks Test 3",
              "timedOut": null,
              "duration": 19,
              "state": "passed",
              "speed": "fast",
              "pass": true,
              "fail": false,
              "pending": false,
              "context": null,
              "code": "cy.log('**Execução do Teste 3**');",
              "err": {},
              "uuid": "760b0af7-3e0f-4c3e-b28c-17843c4e22ff",
              "parentUUID": "2015d369-5ef4-408e-bd40-69e19a19c3d5",
              "isHook": false,
              "skipped": false
            }
          ],
          "suites": [],
          "passes": [
            "83292130-2e24-4afc-b396-e5cab1d761cb",
            "42585cf9-34fe-4a04-8d1c-c233ebd5765c",
            "760b0af7-3e0f-4c3e-b28c-17843c4e22ff"
          ],
          "failures": [],
          "pending": [],
          "skipped": [],
          "duration": 109,
          "root": false,
          "rootEmpty": false,
          "_timeout": 2000
        }
      ],
      "passes": [],
      "failures": [],
      "pending": [],
      "skipped": [],
      "duration": 0,
      "root": true,
      "rootEmpty": true,
      "_timeout": 2000
    }
  ],
  "meta": {
    "mocha": {
      "version": "7.2.0"
    },
    "mochawesome": {
      "options": {
        "quiet": false,
        "reportFilename": "mochawesome",
        "saveHtml": false,
        "saveJson": true,
        "consoleReporter": "spec",
        "useInlineDiffs": false,
        "code": true
      },
      "version": "7.1.4"
    },
    "marge": {
      "options": {
        "id": "default",
        "charts": true,
        "reportPageTitle": "Relatório de Testes",
        "embeddedScreenshots": true,
        "inlineAssets": true,
        "saveAllAttempts": false,
        "overwrite": false,
        "html": false,
        "json": true,
        "reportDir": "cypress\\reports\\html\\.jsons"
      },
      "version": "6.3.2"
    }
  }
}