{
  "stats": {
    "suites": 1,
    "tests": 3,
    "passes": 3,
    "pending": 0,
    "failures": 0,
    "start": "2026-05-21T23:52:47.869Z",
    "end": "2026-05-21T23:52:48.057Z",
    "duration": 188,
    "testsRegistered": 3,
    "passPercent": 100,
    "pendingPercent": 0,
    "other": 0,
    "hasOther": false,
    "skipped": 0,
    "hasSkipped": false
  },
  "results": [
    {
      "uuid": "bf2e6621-abd3-40fb-bae0-c05f175e0884",
      "title": "",
      "fullFile": "cypress\\e2e\\hooks.cy.ts",
      "file": "cypress\\e2e\\hooks.cy.ts",
      "beforeHooks": [],
      "afterHooks": [],
      "tests": [],
      "suites": [
        {
          "uuid": "87aa272c-c742-438f-9e2c-f84e609a19df",
          "title": "Hooks",
          "fullFile": "",
          "file": "",
          "beforeHooks": [],
          "afterHooks": [],
          "tests": [
            {
              "title": "Test 1",
              "fullTitle": "Hooks Test 1",
              "timedOut": null,
              "duration": 59,
              "state": "passed",
              "speed": "fast",
              "pass": true,
              "fail": false,
              "pending": false,
              "context": null,
              "code": "cy.log('**Execução do Teste 1**');",
              "err": {},
              "uuid": "2f53325c-7e57-4cc3-9a29-1218511e1cca",
              "parentUUID": "87aa272c-c742-438f-9e2c-f84e609a19df",
              "isHook": false,
              "skipped": false
            },
            {
              "title": "Test2",
              "fullTitle": "Hooks Test2",
              "timedOut": null,
              "duration": 20,
              "state": "passed",
              "speed": "fast",
              "pass": true,
              "fail": false,
              "pending": false,
              "context": null,
              "code": "cy.log('**Execução do Teste 2**');",
              "err": {},
              "uuid": "3207c5a0-4e9f-4d62-9539-263491ad61e7",
              "parentUUID": "87aa272c-c742-438f-9e2c-f84e609a19df",
              "isHook": false,
              "skipped": false
            },
            {
              "title": "Test 3",
              "fullTitle": "Hooks Test 3",
              "timedOut": null,
              "duration": 18,
              "state": "passed",
              "speed": "fast",
              "pass": true,
              "fail": false,
              "pending": false,
              "context": null,
              "code": "cy.log('**Execução do Teste 3**');",
              "err": {},
              "uuid": "0afac42f-f133-400a-b415-104bcf308a45",
              "parentUUID": "87aa272c-c742-438f-9e2c-f84e609a19df",
              "isHook": false,
              "skipped": false
            }
          ],
          "suites": [],
          "passes": [
            "2f53325c-7e57-4cc3-9a29-1218511e1cca",
            "3207c5a0-4e9f-4d62-9539-263491ad61e7",
            "0afac42f-f133-400a-b415-104bcf308a45"
          ],
          "failures": [],
          "pending": [],
          "skipped": [],
          "duration": 97,
          "root": false,
          "rootEmpty": false,
          "_timeout": 2000
        }
      ],
      "passes": [],
      "failures": [],
      "pending": [],
      "skipped": [],
      "duration": 0,
      "root": true,
      "rootEmpty": true,
      "_timeout": 2000
    }
  ],
  "meta": {
    "mocha": {
      "version": "7.2.0"
    },
    "mochawesome": {
      "options": {
        "quiet": false,
        "reportFilename": "mochawesome",
        "saveHtml": false,
        "saveJson": true,
        "consoleReporter": "spec",
        "useInlineDiffs": false,
        "code": true
      },
      "version": "7.1.4"
    },
    "marge": {
      "options": {
        "id": "default",
        "charts": true,
        "reportPageTitle": "Relatório de Testes",
        "embeddedScreenshots": true,
        "inlineAssets": true,
        "saveAllAttempts": false,
        "overwrite": false,
        "html": false,
        "json": true,
        "reportDir": "cypress\\reports\\html\\.jsons"
      },
      "version": "6.3.2"
    }
  }
}